2016-11-17 01:33:23.473  INFO 5321 --- [main] hello.Application                        : Starting Application v1.0-SNAPSHOT on LM-SJN-00875643 with PID 5321 (/Users/arabbani/Documents/Azra-Docs/practice/security-expert/target/securityexpert-1.0-SNAPSHOT.jar started by arabbani in /Users/arabbani/Documents/Azra-Docs/practice/security-expert)
2016-11-17 01:33:23.474  INFO 5321 --- [main] hello.Application                        : No active profile set, falling back to default profiles: default
2016-11-17 01:33:23.788  INFO 5321 --- [main] ationConfigEmbeddedWebApplicationContext : Refreshing org.springframework.boot.context.embedded.AnnotationConfigEmbeddedWebApplicationContext@359f65c1: startup date [Thu Nov 17 01:33:23 PST 2016]; root of context hierarchy
2016-11-17 01:33:24.491  INFO 5321 --- [main] o.s.b.f.xml.XmlBeanDefinitionReader      : Loading XML bean definitions from class path resource [spring.xml]
2016-11-17 01:33:24.554  INFO 5321 --- [main] o.s.b.f.xml.XmlBeanDefinitionReader      : Loading XML bean definitions from class path resource [config/com/hello/jmx/jmxcontext.xml]
2016-11-17 01:33:25.379  INFO 5321 --- [main] s.b.c.e.t.TomcatEmbeddedServletContainer : Tomcat initialized with port(s): 8080 (http)
2016-11-17 01:33:25.390  INFO 5321 --- [main] o.apache.catalina.core.StandardService   : Starting service Tomcat
2016-11-17 01:33:25.391  INFO 5321 --- [main] org.apache.catalina.core.StandardEngine  : Starting Servlet Engine: Apache Tomcat/8.5.6
2016-11-17 01:33:25.466  INFO 5321 --- [localhost-startStop-1] o.a.c.c.C.[Tomcat].[localhost].[/]       : Initializing Spring embedded WebApplicationContext
2016-11-17 01:33:25.466  INFO 5321 --- [localhost-startStop-1] o.s.web.context.ContextLoader            : Root WebApplicationContext: initialization completed in 1679 ms
2016-11-17 01:33:25.656  INFO 5321 --- [localhost-startStop-1] o.s.b.w.servlet.FilterRegistrationBean   : Mapping filter: 'characterEncodingFilter' to: [/*]
2016-11-17 01:33:25.657  INFO 5321 --- [localhost-startStop-1] o.s.b.w.servlet.FilterRegistrationBean   : Mapping filter: 'hiddenHttpMethodFilter' to: [/*]
2016-11-17 01:33:25.657  INFO 5321 --- [localhost-startStop-1] o.s.b.w.servlet.FilterRegistrationBean   : Mapping filter: 'httpPutFormContentFilter' to: [/*]
2016-11-17 01:33:25.657  INFO 5321 --- [localhost-startStop-1] o.s.b.w.servlet.FilterRegistrationBean   : Mapping filter: 'requestContextFilter' to: [/*]
2016-11-17 01:33:25.659  INFO 5321 --- [localhost-startStop-1] .s.DelegatingFilterProxyRegistrationBean : Mapping filter: 'springSecurityFilterChain' to: [/*]
2016-11-17 01:33:25.659  INFO 5321 --- [localhost-startStop-1] o.s.b.w.servlet.ServletRegistrationBean  : Mapping servlet: 'dispatcherServlet' to [/]
2016-11-17 01:33:26.167  INFO 5321 --- [main] o.s.s.web.DefaultSecurityFilterChain     : Creating filter chain: org.springframework.security.web.util.matcher.AnyRequestMatcher@1, [org.springframework.security.web.context.request.async.WebAsyncManagerIntegrationFilter@e6e852c, org.springframework.security.web.context.SecurityContextPersistenceFilter@5bfde7cb, org.springframework.security.web.header.HeaderWriterFilter@1800c3, org.springframework.security.web.csrf.CsrfFilter@9813d38, org.springframework.security.web.authentication.logout.LogoutFilter@df0ec2f, org.springframework.security.web.authentication.UsernamePasswordAuthenticationFilter@38b4c17a, org.springframework.security.web.savedrequest.RequestCacheAwareFilter@29954e26, org.springframework.security.web.servletapi.SecurityContextHolderAwareRequestFilter@1218766, org.springframework.security.web.authentication.AnonymousAuthenticationFilter@79e9131a, org.springframework.security.web.session.SessionManagementFilter@6052cc4e, org.springframework.security.web.access.ExceptionTranslationFilter@81df148, org.springframework.security.web.access.intercept.FilterSecurityInterceptor@1c4b32fa]
2016-11-17 01:33:26.305  INFO 5321 --- [main] s.w.s.m.m.a.RequestMappingHandlerAdapter : Looking for @ControllerAdvice: org.springframework.boot.context.embedded.AnnotationConfigEmbeddedWebApplicationContext@359f65c1: startup date [Thu Nov 17 01:33:23 PST 2016]; root of context hierarchy
2016-11-17 01:33:26.387  INFO 5321 --- [main] s.w.s.m.m.a.RequestMappingHandlerMapping : Mapped "{[/error]}" onto public org.springframework.http.ResponseEntity<java.util.Map<java.lang.String, java.lang.Object>> org.springframework.boot.autoconfigure.web.BasicErrorController.error(javax.servlet.http.HttpServletRequest)
2016-11-17 01:33:26.388  INFO 5321 --- [main] s.w.s.m.m.a.RequestMappingHandlerMapping : Mapped "{[/error],produces=[text/html]}" onto public org.springframework.web.servlet.ModelAndView org.springframework.boot.autoconfigure.web.BasicErrorController.errorHtml(javax.servlet.http.HttpServletRequest,javax.servlet.http.HttpServletResponse)
2016-11-17 01:33:26.406  INFO 5321 --- [main] o.s.w.s.handler.SimpleUrlHandlerMapping  : Mapped URL path [/home] onto handler of type [class org.springframework.web.servlet.mvc.ParameterizableViewController]
2016-11-17 01:33:26.406  INFO 5321 --- [main] o.s.w.s.handler.SimpleUrlHandlerMapping  : Root mapping to handler of type [class org.springframework.web.servlet.mvc.ParameterizableViewController]
2016-11-17 01:33:26.406  INFO 5321 --- [main] o.s.w.s.handler.SimpleUrlHandlerMapping  : Mapped URL path [/hello] onto handler of type [class org.springframework.web.servlet.mvc.ParameterizableViewController]
2016-11-17 01:33:26.406  INFO 5321 --- [main] o.s.w.s.handler.SimpleUrlHandlerMapping  : Mapped URL path [/login] onto handler of type [class org.springframework.web.servlet.mvc.ParameterizableViewController]
2016-11-17 01:33:26.422  INFO 5321 --- [main] o.s.w.s.handler.SimpleUrlHandlerMapping  : Mapped URL path [/webjars/**] onto handler of type [class org.springframework.web.servlet.resource.ResourceHttpRequestHandler]
2016-11-17 01:33:26.422  INFO 5321 --- [main] o.s.w.s.handler.SimpleUrlHandlerMapping  : Mapped URL path [/**] onto handler of type [class org.springframework.web.servlet.resource.ResourceHttpRequestHandler]
2016-11-17 01:33:26.483  INFO 5321 --- [main] o.s.w.s.handler.SimpleUrlHandlerMapping  : Mapped URL path [/**/favicon.ico] onto handler of type [class org.springframework.web.servlet.resource.ResourceHttpRequestHandler]
2016-11-17 01:33:27.077  INFO 5321 --- [main] o.s.j.e.a.AnnotationMBeanExporter        : Registering beans for JMX exposure on startup
2016-11-17 01:33:27.161  INFO 5321 --- [main] s.b.c.e.t.TomcatEmbeddedServletContainer : Tomcat started on port(s): 8080 (http)
2016-11-17 01:33:27.166  INFO 5321 --- [main] hello.Application                        : Started Application in 4.434 seconds (JVM running for 4.919)
2016-11-17 01:36:46.847  INFO 5321 --- [Thread-2] ationConfigEmbeddedWebApplicationContext : Closing org.springframework.boot.context.embedded.AnnotationConfigEmbeddedWebApplicationContext@359f65c1: startup date [Thu Nov 17 01:33:23 PST 2016]; root of context hierarchy
2016-11-17 01:36:46.850  INFO 5321 --- [Thread-2] o.s.j.e.a.AnnotationMBeanExporter        : Unregistering JMX-exposed beans on shutdown
2016-11-17 01:37:12.277  INFO 5348 --- [main] hello.Application                        : Starting Application v1.0-SNAPSHOT on LM-SJN-00875643 with PID 5348 (/Users/arabbani/Documents/Azra-Docs/practice/security-expert/target/securityexpert-1.0-SNAPSHOT.jar started by arabbani in /Users/arabbani/Documents/Azra-Docs/practice/security-expert)
2016-11-17 01:37:12.278  INFO 5348 --- [main] hello.Application                        : No active profile set, falling back to default profiles: default
2016-11-17 01:37:12.579  INFO 5348 --- [main] ationConfigEmbeddedWebApplicationContext : Refreshing org.springframework.boot.context.embedded.AnnotationConfigEmbeddedWebApplicationContext@7308fbd4: startup date [Thu Nov 17 01:37:12 PST 2016]; root of context hierarchy
2016-11-17 01:37:13.267  INFO 5348 --- [main] o.s.b.f.xml.XmlBeanDefinitionReader      : Loading XML bean definitions from class path resource [spring.xml]
2016-11-17 01:37:13.327  INFO 5348 --- [main] o.s.b.f.xml.XmlBeanDefinitionReader      : Loading XML bean definitions from class path resource [config/com/hello/jmx/jmxcontext.xml]
2016-11-17 01:37:14.158  INFO 5348 --- [main] s.b.c.e.t.TomcatEmbeddedServletContainer : Tomcat initialized with port(s): 8080 (http)
2016-11-17 01:37:14.170  INFO 5348 --- [main] o.apache.catalina.core.StandardService   : Starting service Tomcat
2016-11-17 01:37:14.171  INFO 5348 --- [main] org.apache.catalina.core.StandardEngine  : Starting Servlet Engine: Apache Tomcat/8.5.6
2016-11-17 01:37:14.241  INFO 5348 --- [localhost-startStop-1] o.a.c.c.C.[Tomcat].[localhost].[/]       : Initializing Spring embedded WebApplicationContext
2016-11-17 01:37:14.241  INFO 5348 --- [localhost-startStop-1] o.s.web.context.ContextLoader            : Root WebApplicationContext: initialization completed in 1662 ms
2016-11-17 01:37:14.425  INFO 5348 --- [localhost-startStop-1] o.s.b.w.servlet.FilterRegistrationBean   : Mapping filter: 'characterEncodingFilter' to: [/*]
2016-11-17 01:37:14.425  INFO 5348 --- [localhost-startStop-1] o.s.b.w.servlet.FilterRegistrationBean   : Mapping filter: 'hiddenHttpMethodFilter' to: [/*]
2016-11-17 01:37:14.425  INFO 5348 --- [localhost-startStop-1] o.s.b.w.servlet.FilterRegistrationBean   : Mapping filter: 'httpPutFormContentFilter' to: [/*]
2016-11-17 01:37:14.425  INFO 5348 --- [localhost-startStop-1] o.s.b.w.servlet.FilterRegistrationBean   : Mapping filter: 'requestContextFilter' to: [/*]
2016-11-17 01:37:14.427  INFO 5348 --- [localhost-startStop-1] .s.DelegatingFilterProxyRegistrationBean : Mapping filter: 'springSecurityFilterChain' to: [/*]
2016-11-17 01:37:14.427  INFO 5348 --- [localhost-startStop-1] o.s.b.w.servlet.ServletRegistrationBean  : Mapping servlet: 'dispatcherServlet' to [/]
2016-11-17 01:37:14.928  INFO 5348 --- [main] o.s.s.web.DefaultSecurityFilterChain     : Creating filter chain: org.springframework.security.web.util.matcher.AnyRequestMatcher@1, [org.springframework.security.web.context.request.async.WebAsyncManagerIntegrationFilter@3a840bac, org.springframework.security.web.context.SecurityContextPersistenceFilter@29954e26, org.springframework.security.web.header.HeaderWriterFilter@6052cc4e, org.springframework.security.web.csrf.CsrfFilter@2de515fd, org.springframework.security.web.authentication.logout.LogoutFilter@30097a3f, org.springframework.security.web.authentication.UsernamePasswordAuthenticationFilter@3c44e885, org.springframework.security.web.savedrequest.RequestCacheAwareFilter@4ca66c6f, org.springframework.security.web.servletapi.SecurityContextHolderAwareRequestFilter@7291279, org.springframework.security.web.authentication.AnonymousAuthenticationFilter@331a6737, org.springframework.security.web.session.SessionManagementFilter@5bfde7cb, org.springframework.security.web.access.ExceptionTranslationFilter@1800c3, org.springframework.security.web.access.intercept.FilterSecurityInterceptor@48152ddd]
2016-11-17 01:37:15.063  INFO 5348 --- [main] s.w.s.m.m.a.RequestMappingHandlerAdapter : Looking for @ControllerAdvice: org.springframework.boot.context.embedded.AnnotationConfigEmbeddedWebApplicationContext@7308fbd4: startup date [Thu Nov 17 01:37:12 PST 2016]; root of context hierarchy
2016-11-17 01:37:15.151  INFO 5348 --- [main] s.w.s.m.m.a.RequestMappingHandlerMapping : Mapped "{[/error]}" onto public org.springframework.http.ResponseEntity<java.util.Map<java.lang.String, java.lang.Object>> org.springframework.boot.autoconfigure.web.BasicErrorController.error(javax.servlet.http.HttpServletRequest)
2016-11-17 01:37:15.152  INFO 5348 --- [main] s.w.s.m.m.a.RequestMappingHandlerMapping : Mapped "{[/error],produces=[text/html]}" onto public org.springframework.web.servlet.ModelAndView org.springframework.boot.autoconfigure.web.BasicErrorController.errorHtml(javax.servlet.http.HttpServletRequest,javax.servlet.http.HttpServletResponse)
2016-11-17 01:37:15.169  INFO 5348 --- [main] o.s.w.s.handler.SimpleUrlHandlerMapping  : Mapped URL path [/home] onto handler of type [class org.springframework.web.servlet.mvc.ParameterizableViewController]
2016-11-17 01:37:15.169  INFO 5348 --- [main] o.s.w.s.handler.SimpleUrlHandlerMapping  : Root mapping to handler of type [class org.springframework.web.servlet.mvc.ParameterizableViewController]
2016-11-17 01:37:15.169  INFO 5348 --- [main] o.s.w.s.handler.SimpleUrlHandlerMapping  : Mapped URL path [/hello] onto handler of type [class org.springframework.web.servlet.mvc.ParameterizableViewController]
2016-11-17 01:37:15.170  INFO 5348 --- [main] o.s.w.s.handler.SimpleUrlHandlerMapping  : Mapped URL path [/login] onto handler of type [class org.springframework.web.servlet.mvc.ParameterizableViewController]
2016-11-17 01:37:15.185  INFO 5348 --- [main] o.s.w.s.handler.SimpleUrlHandlerMapping  : Mapped URL path [/webjars/**] onto handler of type [class org.springframework.web.servlet.resource.ResourceHttpRequestHandler]
2016-11-17 01:37:15.185  INFO 5348 --- [main] o.s.w.s.handler.SimpleUrlHandlerMapping  : Mapped URL path [/**] onto handler of type [class org.springframework.web.servlet.resource.ResourceHttpRequestHandler]
2016-11-17 01:37:15.242  INFO 5348 --- [main] o.s.w.s.handler.SimpleUrlHandlerMapping  : Mapped URL path [/**/favicon.ico] onto handler of type [class org.springframework.web.servlet.resource.ResourceHttpRequestHandler]
2016-11-17 01:37:15.829  INFO 5348 --- [main] o.s.j.e.a.AnnotationMBeanExporter        : Registering beans for JMX exposure on startup
2016-11-17 01:37:15.911  INFO 5348 --- [main] s.b.c.e.t.TomcatEmbeddedServletContainer : Tomcat started on port(s): 8080 (http)
2016-11-17 01:37:15.916  INFO 5348 --- [main] hello.Application                        : Started Application in 4.302 seconds (JVM running for 4.758)
2016-11-17 01:38:03.091  INFO 5348 --- [Thread-2] ationConfigEmbeddedWebApplicationContext : Closing org.springframework.boot.context.embedded.AnnotationConfigEmbeddedWebApplicationContext@7308fbd4: startup date [Thu Nov 17 01:37:12 PST 2016]; root of context hierarchy
2016-11-17 01:38:03.093  INFO 5348 --- [Thread-2] o.s.j.e.a.AnnotationMBeanExporter        : Unregistering JMX-exposed beans on shutdown
2016-11-17 01:38:11.925  INFO 5364 --- [main] hello.Application                        : Starting Application v1.0-SNAPSHOT on LM-SJN-00875643 with PID 5364 (/Users/arabbani/Documents/Azra-Docs/practice/security-expert/target/securityexpert-1.0-SNAPSHOT.jar started by arabbani in /Users/arabbani/Documents/Azra-Docs/practice/security-expert)
2016-11-17 01:38:11.926  INFO 5364 --- [main] hello.Application                        : No active profile set, falling back to default profiles: default
2016-11-17 01:38:12.222  INFO 5364 --- [main] ationConfigEmbeddedWebApplicationContext : Refreshing org.springframework.boot.context.embedded.AnnotationConfigEmbeddedWebApplicationContext@b59407f: startup date [Thu Nov 17 01:38:12 PST 2016]; root of context hierarchy
2016-11-17 01:38:12.930  INFO 5364 --- [main] o.s.b.f.xml.XmlBeanDefinitionReader      : Loading XML bean definitions from class path resource [spring.xml]
2016-11-17 01:38:12.992  INFO 5364 --- [main] o.s.b.f.xml.XmlBeanDefinitionReader      : Loading XML bean definitions from class path resource [config/com/hello/jmx/jmxcontext.xml]
2016-11-17 01:38:13.826  INFO 5364 --- [main] s.b.c.e.t.TomcatEmbeddedServletContainer : Tomcat initialized with port(s): 8080 (http)
2016-11-17 01:38:13.836  INFO 5364 --- [main] o.apache.catalina.core.StandardService   : Starting service Tomcat
2016-11-17 01:38:13.837  INFO 5364 --- [main] org.apache.catalina.core.StandardEngine  : Starting Servlet Engine: Apache Tomcat/8.5.6
2016-11-17 01:38:13.908  INFO 5364 --- [localhost-startStop-1] o.a.c.c.C.[Tomcat].[localhost].[/]       : Initializing Spring embedded WebApplicationContext
2016-11-17 01:38:13.909  INFO 5364 --- [localhost-startStop-1] o.s.web.context.ContextLoader            : Root WebApplicationContext: initialization completed in 1687 ms
2016-11-17 01:38:14.094  INFO 5364 --- [localhost-startStop-1] o.s.b.w.servlet.FilterRegistrationBean   : Mapping filter: 'characterEncodingFilter' to: [/*]
2016-11-17 01:38:14.094  INFO 5364 --- [localhost-startStop-1] o.s.b.w.servlet.FilterRegistrationBean   : Mapping filter: 'hiddenHttpMethodFilter' to: [/*]
2016-11-17 01:38:14.094  INFO 5364 --- [localhost-startStop-1] o.s.b.w.servlet.FilterRegistrationBean   : Mapping filter: 'httpPutFormContentFilter' to: [/*]
2016-11-17 01:38:14.094  INFO 5364 --- [localhost-startStop-1] o.s.b.w.servlet.FilterRegistrationBean   : Mapping filter: 'requestContextFilter' to: [/*]
2016-11-17 01:38:14.096  INFO 5364 --- [localhost-startStop-1] .s.DelegatingFilterProxyRegistrationBean : Mapping filter: 'springSecurityFilterChain' to: [/*]
2016-11-17 01:38:14.096  INFO 5364 --- [localhost-startStop-1] o.s.b.w.servlet.ServletRegistrationBean  : Mapping servlet: 'dispatcherServlet' to [/]
2016-11-17 01:38:14.140  INFO 5364 --- [main] hello.data.Item                          : Application ^^^^^^^^^^^^^^^^^null
2016-11-17 01:38:14.143  INFO 5364 --- [main] hello.data.Item                          : Application ######################
2016-11-17 01:38:14.621  INFO 5364 --- [main] o.s.s.web.DefaultSecurityFilterChain     : Creating filter chain: org.springframework.security.web.util.matcher.AnyRequestMatcher@1, [org.springframework.security.web.context.request.async.WebAsyncManagerIntegrationFilter@52540bd6, org.springframework.security.web.context.SecurityContextPersistenceFilter@52c0a92a, org.springframework.security.web.header.HeaderWriterFilter@51d79539, org.springframework.security.web.csrf.CsrfFilter@327f704f, org.springframework.security.web.authentication.logout.LogoutFilter@281a55cf, org.springframework.security.web.authentication.UsernamePasswordAuthenticationFilter@16bbd886, org.springframework.security.web.savedrequest.RequestCacheAwareFilter@284daab, org.springframework.security.web.servletapi.SecurityContextHolderAwareRequestFilter@4c939f37, org.springframework.security.web.authentication.AnonymousAuthenticationFilter@bd538d4, org.springframework.security.web.session.SessionManagementFilter@195e9f8, org.springframework.security.web.access.ExceptionTranslationFilter@5829dade, org.springframework.security.web.access.intercept.FilterSecurityInterceptor@9cb18a4]
2016-11-17 01:38:14.756  INFO 5364 --- [main] s.w.s.m.m.a.RequestMappingHandlerAdapter : Looking for @ControllerAdvice: org.springframework.boot.context.embedded.AnnotationConfigEmbeddedWebApplicationContext@b59407f: startup date [Thu Nov 17 01:38:12 PST 2016]; root of context hierarchy
2016-11-17 01:38:14.848  INFO 5364 --- [main] s.w.s.m.m.a.RequestMappingHandlerMapping : Mapped "{[/error]}" onto public org.springframework.http.ResponseEntity<java.util.Map<java.lang.String, java.lang.Object>> org.springframework.boot.autoconfigure.web.BasicErrorController.error(javax.servlet.http.HttpServletRequest)
2016-11-17 01:38:14.849  INFO 5364 --- [main] s.w.s.m.m.a.RequestMappingHandlerMapping : Mapped "{[/error],produces=[text/html]}" onto public org.springframework.web.servlet.ModelAndView org.springframework.boot.autoconfigure.web.BasicErrorController.errorHtml(javax.servlet.http.HttpServletRequest,javax.servlet.http.HttpServletResponse)
2016-11-17 01:38:14.868  INFO 5364 --- [main] o.s.w.s.handler.SimpleUrlHandlerMapping  : Mapped URL path [/home] onto handler of type [class org.springframework.web.servlet.mvc.ParameterizableViewController]
2016-11-17 01:38:14.868  INFO 5364 --- [main] o.s.w.s.handler.SimpleUrlHandlerMapping  : Root mapping to handler of type [class org.springframework.web.servlet.mvc.ParameterizableViewController]
2016-11-17 01:38:14.868  INFO 5364 --- [main] o.s.w.s.handler.SimpleUrlHandlerMapping  : Mapped URL path [/hello] onto handler of type [class org.springframework.web.servlet.mvc.ParameterizableViewController]
2016-11-17 01:38:14.868  INFO 5364 --- [main] o.s.w.s.handler.SimpleUrlHandlerMapping  : Mapped URL path [/login] onto handler of type [class org.springframework.web.servlet.mvc.ParameterizableViewController]
2016-11-17 01:38:14.884  INFO 5364 --- [main] o.s.w.s.handler.SimpleUrlHandlerMapping  : Mapped URL path [/webjars/**] onto handler of type [class org.springframework.web.servlet.resource.ResourceHttpRequestHandler]
2016-11-17 01:38:14.885  INFO 5364 --- [main] o.s.w.s.handler.SimpleUrlHandlerMapping  : Mapped URL path [/**] onto handler of type [class org.springframework.web.servlet.resource.ResourceHttpRequestHandler]
2016-11-17 01:38:14.948  INFO 5364 --- [main] o.s.w.s.handler.SimpleUrlHandlerMapping  : Mapped URL path [/**/favicon.ico] onto handler of type [class org.springframework.web.servlet.resource.ResourceHttpRequestHandler]
2016-11-17 01:38:15.547  INFO 5364 --- [main] o.s.j.e.a.AnnotationMBeanExporter        : Registering beans for JMX exposure on startup
2016-11-17 01:38:15.554  INFO 5364 --- [main] o.s.j.e.a.AnnotationMBeanExporter        : Bean with name 'item' has been autodetected for JMX exposure
2016-11-17 01:38:15.557  INFO 5364 --- [main] o.s.j.e.a.AnnotationMBeanExporter        : Located managed bean 'item': registering with JMX server as MBean [jmxbean:name=ItemAzra]
2016-11-17 01:38:15.645  INFO 5364 --- [main] s.b.c.e.t.TomcatEmbeddedServletContainer : Tomcat started on port(s): 8080 (http)
2016-11-17 01:38:15.650  INFO 5364 --- [main] hello.Application                        : Started Application in 4.413 seconds (JVM running for 4.873)
2016-11-17 01:45:18.400  INFO 5364 --- [Thread-2] ationConfigEmbeddedWebApplicationContext : Closing org.springframework.boot.context.embedded.AnnotationConfigEmbeddedWebApplicationContext@b59407f: startup date [Thu Nov 17 01:38:12 PST 2016]; root of context hierarchy
2016-11-17 01:45:18.402  INFO 5364 --- [Thread-2] o.s.j.e.a.AnnotationMBeanExporter        : Unregistering JMX-exposed beans on shutdown
2016-11-17 01:45:18.402  INFO 5364 --- [Thread-2] o.s.j.e.a.AnnotationMBeanExporter        : Unregistering JMX-exposed beans
2016-11-17 01:45:27.184  INFO 5391 --- [main] hello.Application                        : Starting Application v1.0-SNAPSHOT on LM-SJN-00875643 with PID 5391 (/Users/arabbani/Documents/Azra-Docs/practice/security-expert/target/securityexpert-1.0-SNAPSHOT.jar started by arabbani in /Users/arabbani/Documents/Azra-Docs/practice/security-expert)
2016-11-17 01:45:27.185  INFO 5391 --- [main] hello.Application                        : No active profile set, falling back to default profiles: default
2016-11-17 01:45:27.496  INFO 5391 --- [main] ationConfigEmbeddedWebApplicationContext : Refreshing org.springframework.boot.context.embedded.AnnotationConfigEmbeddedWebApplicationContext@359f65c1: startup date [Thu Nov 17 01:45:27 PST 2016]; root of context hierarchy
2016-11-17 01:45:28.192  INFO 5391 --- [main] o.s.b.f.xml.XmlBeanDefinitionReader      : Loading XML bean definitions from class path resource [spring.xml]
2016-11-17 01:45:28.254  INFO 5391 --- [main] o.s.b.f.xml.XmlBeanDefinitionReader      : Loading XML bean definitions from class path resource [config/com/hello/jmx/jmxcontext.xml]
2016-11-17 01:45:29.090  INFO 5391 --- [main] s.b.c.e.t.TomcatEmbeddedServletContainer : Tomcat initialized with port(s): 8080 (http)
2016-11-17 01:45:29.101  INFO 5391 --- [main] o.apache.catalina.core.StandardService   : Starting service Tomcat
2016-11-17 01:45:29.102  INFO 5391 --- [main] org.apache.catalina.core.StandardEngine  : Starting Servlet Engine: Apache Tomcat/8.5.6
2016-11-17 01:45:29.172  INFO 5391 --- [localhost-startStop-1] o.a.c.c.C.[Tomcat].[localhost].[/]       : Initializing Spring embedded WebApplicationContext
2016-11-17 01:45:29.173  INFO 5391 --- [localhost-startStop-1] o.s.web.context.ContextLoader            : Root WebApplicationContext: initialization completed in 1677 ms
2016-11-17 01:45:29.362  INFO 5391 --- [localhost-startStop-1] o.s.b.w.servlet.FilterRegistrationBean   : Mapping filter: 'characterEncodingFilter' to: [/*]
2016-11-17 01:45:29.362  INFO 5391 --- [localhost-startStop-1] o.s.b.w.servlet.FilterRegistrationBean   : Mapping filter: 'hiddenHttpMethodFilter' to: [/*]
2016-11-17 01:45:29.362  INFO 5391 --- [localhost-startStop-1] o.s.b.w.servlet.FilterRegistrationBean   : Mapping filter: 'httpPutFormContentFilter' to: [/*]
2016-11-17 01:45:29.362  INFO 5391 --- [localhost-startStop-1] o.s.b.w.servlet.FilterRegistrationBean   : Mapping filter: 'requestContextFilter' to: [/*]
2016-11-17 01:45:29.364  INFO 5391 --- [localhost-startStop-1] .s.DelegatingFilterProxyRegistrationBean : Mapping filter: 'springSecurityFilterChain' to: [/*]
2016-11-17 01:45:29.364  INFO 5391 --- [localhost-startStop-1] o.s.b.w.servlet.ServletRegistrationBean  : Mapping servlet: 'dispatcherServlet' to [/]
2016-11-17 01:45:29.412  INFO 5391 --- [main] hello.data.Item                          : Application ^^^^^^^^^^^^^^^^^azra
2016-11-17 01:45:29.415  INFO 5391 --- [main] hello.data.Item                          : Items Initilaized
2016-11-17 01:45:29.892  INFO 5391 --- [main] o.s.s.web.DefaultSecurityFilterChain     : Creating filter chain: org.springframework.security.web.util.matcher.AnyRequestMatcher@1, [org.springframework.security.web.context.request.async.WebAsyncManagerIntegrationFilter@558d946f, org.springframework.security.web.context.SecurityContextPersistenceFilter@26b0e731, org.springframework.security.web.header.HeaderWriterFilter@7b7fa16a, org.springframework.security.web.csrf.CsrfFilter@3e38d6bc, org.springframework.security.web.authentication.logout.LogoutFilter@e8f000c, org.springframework.security.web.authentication.UsernamePasswordAuthenticationFilter@6f8288d2, org.springframework.security.web.savedrequest.RequestCacheAwareFilter@688c1717, org.springframework.security.web.servletapi.SecurityContextHolderAwareRequestFilter@40be59d2, org.springframework.security.web.authentication.AnonymousAuthenticationFilter@420c2f4a, org.springframework.security.web.session.SessionManagementFilter@6fb9fb27, org.springframework.security.web.access.ExceptionTranslationFilter@10f1abd1, org.springframework.security.web.access.intercept.FilterSecurityInterceptor@a8dab8e]
2016-11-17 01:45:30.024  INFO 5391 --- [main] s.w.s.m.m.a.RequestMappingHandlerAdapter : Looking for @ControllerAdvice: org.springframework.boot.context.embedded.AnnotationConfigEmbeddedWebApplicationContext@359f65c1: startup date [Thu Nov 17 01:45:27 PST 2016]; root of context hierarchy
2016-11-17 01:45:30.116  INFO 5391 --- [main] s.w.s.m.m.a.RequestMappingHandlerMapping : Mapped "{[/error]}" onto public org.springframework.http.ResponseEntity<java.util.Map<java.lang.String, java.lang.Object>> org.springframework.boot.autoconfigure.web.BasicErrorController.error(javax.servlet.http.HttpServletRequest)
2016-11-17 01:45:30.117  INFO 5391 --- [main] s.w.s.m.m.a.RequestMappingHandlerMapping : Mapped "{[/error],produces=[text/html]}" onto public org.springframework.web.servlet.ModelAndView org.springframework.boot.autoconfigure.web.BasicErrorController.errorHtml(javax.servlet.http.HttpServletRequest,javax.servlet.http.HttpServletResponse)
2016-11-17 01:45:30.134  INFO 5391 --- [main] o.s.w.s.handler.SimpleUrlHandlerMapping  : Mapped URL path [/home] onto handler of type [class org.springframework.web.servlet.mvc.ParameterizableViewController]
2016-11-17 01:45:30.135  INFO 5391 --- [main] o.s.w.s.handler.SimpleUrlHandlerMapping  : Root mapping to handler of type [class org.springframework.web.servlet.mvc.ParameterizableViewController]
2016-11-17 01:45:30.135  INFO 5391 --- [main] o.s.w.s.handler.SimpleUrlHandlerMapping  : Mapped URL path [/hello] onto handler of type [class org.springframework.web.servlet.mvc.ParameterizableViewController]
2016-11-17 01:45:30.135  INFO 5391 --- [main] o.s.w.s.handler.SimpleUrlHandlerMapping  : Mapped URL path [/login] onto handler of type [class org.springframework.web.servlet.mvc.ParameterizableViewController]
2016-11-17 01:45:30.151  INFO 5391 --- [main] o.s.w.s.handler.SimpleUrlHandlerMapping  : Mapped URL path [/webjars/**] onto handler of type [class org.springframework.web.servlet.resource.ResourceHttpRequestHandler]
2016-11-17 01:45:30.151  INFO 5391 --- [main] o.s.w.s.handler.SimpleUrlHandlerMapping  : Mapped URL path [/**] onto handler of type [class org.springframework.web.servlet.resource.ResourceHttpRequestHandler]
2016-11-17 01:45:30.214  INFO 5391 --- [main] o.s.w.s.handler.SimpleUrlHandlerMapping  : Mapped URL path [/**/favicon.ico] onto handler of type [class org.springframework.web.servlet.resource.ResourceHttpRequestHandler]
2016-11-17 01:45:30.826  INFO 5391 --- [main] o.s.j.e.a.AnnotationMBeanExporter        : Registering beans for JMX exposure on startup
2016-11-17 01:45:30.834  INFO 5391 --- [main] o.s.j.e.a.AnnotationMBeanExporter        : Bean with name 'item' has been autodetected for JMX exposure
2016-11-17 01:45:30.837  INFO 5391 --- [main] o.s.j.e.a.AnnotationMBeanExporter        : Located managed bean 'item': registering with JMX server as MBean [jmxbean:name=ItemAzra]
2016-11-17 01:45:30.924  INFO 5391 --- [main] s.b.c.e.t.TomcatEmbeddedServletContainer : Tomcat started on port(s): 8080 (http)
2016-11-17 01:45:30.928  INFO 5391 --- [main] hello.Application                        : Started Application in 4.435 seconds (JVM running for 4.896)
2016-11-17 01:48:49.006  INFO 5391 --- [Thread-2] ationConfigEmbeddedWebApplicationContext : Closing org.springframework.boot.context.embedded.AnnotationConfigEmbeddedWebApplicationContext@359f65c1: startup date [Thu Nov 17 01:45:27 PST 2016]; root of context hierarchy
2016-11-17 01:48:49.008  INFO 5391 --- [Thread-2] o.s.j.e.a.AnnotationMBeanExporter        : Unregistering JMX-exposed beans on shutdown
2016-11-17 01:48:49.009  INFO 5391 --- [Thread-2] o.s.j.e.a.AnnotationMBeanExporter        : Unregistering JMX-exposed beans
2016-11-17 01:48:59.289  INFO 5407 --- [main] hello.Application                        : Starting Application v1.0-SNAPSHOT on LM-SJN-00875643 with PID 5407 (/Users/arabbani/Documents/Azra-Docs/practice/security-expert/target/securityexpert-1.0-SNAPSHOT.jar started by arabbani in /Users/arabbani/Documents/Azra-Docs/practice/security-expert)
2016-11-17 01:48:59.291  INFO 5407 --- [main] hello.Application                        : No active profile set, falling back to default profiles: default
2016-11-17 01:48:59.603  INFO 5407 --- [main] ationConfigEmbeddedWebApplicationContext : Refreshing org.springframework.boot.context.embedded.AnnotationConfigEmbeddedWebApplicationContext@79ffa739: startup date [Thu Nov 17 01:48:59 PST 2016]; root of context hierarchy
2016-11-17 01:49:00.289  INFO 5407 --- [main] o.s.b.f.xml.XmlBeanDefinitionReader      : Loading XML bean definitions from class path resource [spring.xml]
2016-11-17 01:49:00.350  INFO 5407 --- [main] o.s.b.f.xml.XmlBeanDefinitionReader      : Loading XML bean definitions from class path resource [config/com/hello/jmx/jmxcontext.xml]
2016-11-17 01:49:01.176  INFO 5407 --- [main] s.b.c.e.t.TomcatEmbeddedServletContainer : Tomcat initialized with port(s): 8080 (http)
2016-11-17 01:49:01.188  INFO 5407 --- [main] o.apache.catalina.core.StandardService   : Starting service Tomcat
2016-11-17 01:49:01.189  INFO 5407 --- [main] org.apache.catalina.core.StandardEngine  : Starting Servlet Engine: Apache Tomcat/8.5.6
2016-11-17 01:49:01.263  INFO 5407 --- [localhost-startStop-1] o.a.c.c.C.[Tomcat].[localhost].[/]       : Initializing Spring embedded WebApplicationContext
2016-11-17 01:49:01.263  INFO 5407 --- [localhost-startStop-1] o.s.web.context.ContextLoader            : Root WebApplicationContext: initialization completed in 1660 ms
2016-11-17 01:49:01.450  INFO 5407 --- [localhost-startStop-1] o.s.b.w.servlet.FilterRegistrationBean   : Mapping filter: 'characterEncodingFilter' to: [/*]
2016-11-17 01:49:01.451  INFO 5407 --- [localhost-startStop-1] o.s.b.w.servlet.FilterRegistrationBean   : Mapping filter: 'hiddenHttpMethodFilter' to: [/*]
2016-11-17 01:49:01.451  INFO 5407 --- [localhost-startStop-1] o.s.b.w.servlet.FilterRegistrationBean   : Mapping filter: 'httpPutFormContentFilter' to: [/*]
2016-11-17 01:49:01.451  INFO 5407 --- [localhost-startStop-1] o.s.b.w.servlet.FilterRegistrationBean   : Mapping filter: 'requestContextFilter' to: [/*]
2016-11-17 01:49:01.453  INFO 5407 --- [localhost-startStop-1] .s.DelegatingFilterProxyRegistrationBean : Mapping filter: 'springSecurityFilterChain' to: [/*]
2016-11-17 01:49:01.453  INFO 5407 --- [localhost-startStop-1] o.s.b.w.servlet.ServletRegistrationBean  : Mapping servlet: 'dispatcherServlet' to [/]
2016-11-17 01:49:01.497  INFO 5407 --- [main] hello.data.Item                          : Application ^^^^^^^^^^^^^^^^^azra
2016-11-17 01:49:01.500  INFO 5407 --- [main] hello.data.Item                          : Items Initilaized
2016-11-17 01:49:01.888  INFO 5407 --- [main] hello.WebSecurityConfig                  : Items [Item00, Item01, Item02, Item03, Item04, Item05, Item06, Item07, Item08, Item09]
2016-11-17 01:49:01.974  INFO 5407 --- [main] o.s.s.web.DefaultSecurityFilterChain     : Creating filter chain: org.springframework.security.web.util.matcher.AnyRequestMatcher@1, [org.springframework.security.web.context.request.async.WebAsyncManagerIntegrationFilter@18580a0e, org.springframework.security.web.context.SecurityContextPersistenceFilter@2eb31d47, org.springframework.security.web.header.HeaderWriterFilter@26b0e731, org.springframework.security.web.csrf.CsrfFilter@294b9edd, org.springframework.security.web.authentication.logout.LogoutFilter@793a50f8, org.springframework.security.web.authentication.UsernamePasswordAuthenticationFilter@bd43eb5, org.springframework.security.web.savedrequest.RequestCacheAwareFilter@1e89de48, org.springframework.security.web.servletapi.SecurityContextHolderAwareRequestFilter@4e4c1b4b, org.springframework.security.web.authentication.AnonymousAuthenticationFilter@3bfc299e, org.springframework.security.web.session.SessionManagementFilter@688c1717, org.springframework.security.web.access.ExceptionTranslationFilter@6fb9fb27, org.springframework.security.web.access.intercept.FilterSecurityInterceptor@72688124]
2016-11-17 01:49:02.108  INFO 5407 --- [main] s.w.s.m.m.a.RequestMappingHandlerAdapter : Looking for @ControllerAdvice: org.springframework.boot.context.embedded.AnnotationConfigEmbeddedWebApplicationContext@79ffa739: startup date [Thu Nov 17 01:48:59 PST 2016]; root of context hierarchy
2016-11-17 01:49:02.203  INFO 5407 --- [main] s.w.s.m.m.a.RequestMappingHandlerMapping : Mapped "{[/error]}" onto public org.springframework.http.ResponseEntity<java.util.Map<java.lang.String, java.lang.Object>> org.springframework.boot.autoconfigure.web.BasicErrorController.error(javax.servlet.http.HttpServletRequest)
2016-11-17 01:49:02.204  INFO 5407 --- [main] s.w.s.m.m.a.RequestMappingHandlerMapping : Mapped "{[/error],produces=[text/html]}" onto public org.springframework.web.servlet.ModelAndView org.springframework.boot.autoconfigure.web.BasicErrorController.errorHtml(javax.servlet.http.HttpServletRequest,javax.servlet.http.HttpServletResponse)
2016-11-17 01:49:02.222  INFO 5407 --- [main] o.s.w.s.handler.SimpleUrlHandlerMapping  : Mapped URL path [/home] onto handler of type [class org.springframework.web.servlet.mvc.ParameterizableViewController]
2016-11-17 01:49:02.223  INFO 5407 --- [main] o.s.w.s.handler.SimpleUrlHandlerMapping  : Root mapping to handler of type [class org.springframework.web.servlet.mvc.ParameterizableViewController]
2016-11-17 01:49:02.223  INFO 5407 --- [main] o.s.w.s.handler.SimpleUrlHandlerMapping  : Mapped URL path [/hello] onto handler of type [class org.springframework.web.servlet.mvc.ParameterizableViewController]
2016-11-17 01:49:02.223  INFO 5407 --- [main] o.s.w.s.handler.SimpleUrlHandlerMapping  : Mapped URL path [/login] onto handler of type [class org.springframework.web.servlet.mvc.ParameterizableViewController]
2016-11-17 01:49:02.239  INFO 5407 --- [main] o.s.w.s.handler.SimpleUrlHandlerMapping  : Mapped URL path [/webjars/**] onto handler of type [class org.springframework.web.servlet.resource.ResourceHttpRequestHandler]
2016-11-17 01:49:02.240  INFO 5407 --- [main] o.s.w.s.handler.SimpleUrlHandlerMapping  : Mapped URL path [/**] onto handler of type [class org.springframework.web.servlet.resource.ResourceHttpRequestHandler]
2016-11-17 01:49:02.301  INFO 5407 --- [main] o.s.w.s.handler.SimpleUrlHandlerMapping  : Mapped URL path [/**/favicon.ico] onto handler of type [class org.springframework.web.servlet.resource.ResourceHttpRequestHandler]
2016-11-17 01:49:02.895  INFO 5407 --- [main] o.s.j.e.a.AnnotationMBeanExporter        : Registering beans for JMX exposure on startup
2016-11-17 01:49:02.903  INFO 5407 --- [main] o.s.j.e.a.AnnotationMBeanExporter        : Bean with name 'item' has been autodetected for JMX exposure
2016-11-17 01:49:02.906  INFO 5407 --- [main] o.s.j.e.a.AnnotationMBeanExporter        : Located managed bean 'item': registering with JMX server as MBean [jmxbean:name=ItemAzra]
2016-11-17 01:49:02.992  INFO 5407 --- [main] s.b.c.e.t.TomcatEmbeddedServletContainer : Tomcat started on port(s): 8080 (http)
2016-11-17 01:49:02.997  INFO 5407 --- [main] hello.Application                        : Started Application in 4.505 seconds (JVM running for 4.991)
2016-11-17 01:49:18.226  INFO 5407 --- [http-nio-8080-exec-1] o.a.c.c.C.[Tomcat].[localhost].[/]       : Initializing Spring FrameworkServlet 'dispatcherServlet'
2016-11-17 01:49:18.227  INFO 5407 --- [http-nio-8080-exec-1] o.s.web.servlet.DispatcherServlet        : FrameworkServlet 'dispatcherServlet': initialization started
2016-11-17 01:49:18.241  INFO 5407 --- [http-nio-8080-exec-1] o.s.web.servlet.DispatcherServlet        : FrameworkServlet 'dispatcherServlet': initialization completed in 14 ms
2016-11-18 08:14:13.294  WARN 5407 --- [RMI TCP Connection(16)-127.0.0.1] javax.management.remote.misc             : The server has decided to close this client connection.
